Using pre-set license
Built from '2020.2/release' branch; Version is '2020.2.2f1 (068178b99f32) revision 426360'; Using compiler version '192528614'; Build Type 'Release'
OS: 'Windows 10 Home; OS build 19042.746; Version 2009; 64bit' Language: 'en' Physical Memory: 16267 MB
BatchMode: 1, IsHumanControllingUs: 0, StartBugReporterOnCrash: 0, Is64bit: 1, IsPro: 0

 COMMAND LINE ARGUMENTS:
C:\Program Files\Unity\Hub\Editor\2020.2.2f1\Editor\Unity.exe
-adb2
-batchMode
-noUpm
-name
AssetImportWorker0
-projectPath
C:/work/unity/Chessumo
-logFile
Logs/AssetImportWorker0.log
-srvPort
54653
Successfully changed project path to: C:/work/unity/Chessumo
C:/work/unity/Chessumo
Using Asset Import Pipeline V2.
Refreshing native plugins compatible for Editor in 87.66 ms, found 0 plugins.
Preloading 0 native plugins for Editor in 0.00 ms.
Initialize engine version: 2020.2.2f1 (068178b99f32)
[Subsystems] Discovering subsystems at path C:/Program Files/Unity/Hub/Editor/2020.2.2f1/Editor/Data/Resources/UnitySubsystems
[Subsystems] Discovering subsystems at path C:/work/unity/Chessumo/Assets
GfxDevice: creating device client; threaded=0
Direct3D:
    Version:  Direct3D 11.0 [level 11.1]
    Renderer: NVIDIA GeForce GTX 1060 (ID=0x1c20)
    Vendor:   
    VRAM:     6052 MB
    Driver:   27.21.14.6140
Initialize mono
Mono path[0] = 'C:/Program Files/Unity/Hub/Editor/2020.2.2f1/Editor/Data/Managed'
Mono path[1] = 'C:/Program Files/Unity/Hub/Editor/2020.2.2f1/Editor/Data/MonoBleedingEdge/lib/mono/unityjit'
Mono config path = 'C:/Program Files/Unity/Hub/Editor/2020.2.2f1/Editor/Data/MonoBleedingEdge/etc'
Using monoOptions --debugger-agent=transport=dt_socket,embedding=1,server=y,suspend=n,address=127.0.0.1:56784
Begin MonoManager ReloadAssembly
Registering precompiled unity dll's ...
Register platform support module: C:/Program Files/Unity/Hub/Editor/2020.2.2f1/Editor/Data/PlaybackEngines/WindowsStandaloneSupport/UnityEditor.WindowsStandalone.Extensions.dll
Registered in 0.002157 seconds.
Native extension for WindowsStandalone target not found
Refreshing native plugins compatible for Editor in 46.77 ms, found 0 plugins.
Preloading 0 native plugins for Editor in 0.00 ms.
Invoked RoslynAnalysisRunner static constructor.
RoslynAnalysisRunner will not be running.
RoslynAnalysisRunner has terminated.
Mono: successfully reloaded assembly
- Completed reload, in  1.299 seconds
Platform modules already initialized, skipping
Registering precompiled user dll's ...
Registered in 0.014834 seconds.
Begin MonoManager ReloadAssembly
Native extension for WindowsStandalone target not found
Refreshing native plugins compatible for Editor in 1.16 ms, found 0 plugins.
Preloading 0 native plugins for Editor in 0.00 ms.
UnityIAP: [InitializeOnLoad] Facebook Check
UnityIAP: Runtime [2020.2.2f1]
UnityIAP: Current Build is Standalone:StandaloneWindows64
UnityIAP: stub FacebookStore.dll enabled
Invoked RoslynAnalysisRunner static constructor.
RoslynAnalysisRunner will not be running.
RoslynAnalysisRunner has terminated.
Mono: successfully reloaded assembly
- Completed reload, in  1.047 seconds
Platform modules already initialized, skipping
========================================================================
Worker process is ready to serve import requests
Launched and connected shader compiler UnityShaderCompiler.exe after 0.05 seconds
Refreshing native plugins compatible for Editor in 0.98 ms, found 0 plugins.
Preloading 0 native plugins for Editor in 0.00 ms.
Unloading 1570 Unused Serialized files (Serialized files now loaded: 0)
System memory in use before: 71.7 MB.
System memory in use after: 71.8 MB.

Unloading 104 unused Assets to reduce memory usage. Loaded Objects now: 1943.
Total: 2.650400 ms (FindLiveObjects: 0.358300 ms CreateObjectMapping: 0.185100 ms MarkObjects: 2.008600 ms  DeleteObjects: 0.096500 ms)

========================================================================
Received Import Request.
  path: Assets/master.mixer
  artifactKey: Guid(18b237c298f484912b5de63922cdf4fa) Importer(815301076,1909f56bfc062723c751e8b465ee728b)
Start importing Assets/master.mixer using Guid(18b237c298f484912b5de63922cdf4fa) Importer(815301076,1909f56bfc062723c751e8b465ee728b)  -> (artifact id: '5314bb095fda3ed4d7a817c763fad667') in 0.066392 seconds
  Import took 0.070288 seconds .

========================================================================
Received Import Request.
  Time since last request: 64.952637 seconds.
  path: Assets/_Scenes/app.unity
  artifactKey: Guid(11416d8873a384ee39b985a74c47747b) Importer(815301076,1909f56bfc062723c751e8b465ee728b)
Start importing Assets/_Scenes/app.unity using Guid(11416d8873a384ee39b985a74c47747b) Importer(815301076,1909f56bfc062723c751e8b465ee728b)  -> (artifact id: '80fbc193da4a9156ffa45a2845105956') in 0.009428 seconds
  Import took 0.012188 seconds .

========================================================================
Received Import Request.
  Time since last request: 0.005843 seconds.
  path: Assets/_Scenes/app.unity
  artifactKey: Guid(11416d8873a384ee39b985a74c47747b) Importer(815301076,1909f56bfc062723c751e8b465ee728b)
Start importing Assets/_Scenes/app.unity using Guid(11416d8873a384ee39b985a74c47747b) Importer(815301076,1909f56bfc062723c751e8b465ee728b)  -> (artifact id: '80fbc193da4a9156ffa45a2845105956') in 0.004607 seconds
  Import took 0.008567 seconds .

========================================================================
Received Prepare
Registering precompiled user dll's ...
Registered in 0.014081 seconds.
Begin MonoManager ReloadAssembly
Native extension for WindowsStandalone target not found
Refreshing native plugins compatible for Editor in 1.62 ms, found 0 plugins.
Preloading 0 native plugins for Editor in 0.00 ms.
UnityIAP: [InitializeOnLoad] Facebook Check
UnityIAP: Runtime [2020.2.2f1]
UnityIAP: Current Build is Standalone:StandaloneWindows64
UnityIAP: stub FacebookStore.dll enabled
Invoked RoslynAnalysisRunner static constructor.
RoslynAnalysisRunner will not be running.
RoslynAnalysisRunner has terminated.
Mono: successfully reloaded assembly
- Completed reload, in  1.120 seconds
Platform modules already initialized, skipping
Refreshing native plugins compatible for Editor in 0.94 ms, found 0 plugins.
Preloading 0 native plugins for Editor in 0.00 ms.
Unloading 1549 Unused Serialized files (Serialized files now loaded: 0)
System memory in use before: 70.7 MB.
System memory in use after: 70.8 MB.

Unloading 95 unused Assets to reduce memory usage. Loaded Objects now: 1945.
Total: 2.154900 ms (FindLiveObjects: 0.354200 ms CreateObjectMapping: 0.135000 ms MarkObjects: 1.614800 ms  DeleteObjects: 0.048900 ms)

========================================================================
Received Prepare
Registering precompiled user dll's ...
Registered in 0.018017 seconds.
Begin MonoManager ReloadAssembly
Native extension for WindowsStandalone target not found
Refreshing native plugins compatible for Editor in 0.80 ms, found 0 plugins.
Preloading 0 native plugins for Editor in 0.00 ms.
UnityIAP: [InitializeOnLoad] Facebook Check
UnityIAP: Runtime [2020.2.2f1]
UnityIAP: Current Build is Standalone:StandaloneWindows64
UnityIAP: stub FacebookStore.dll enabled
Invoked RoslynAnalysisRunner static constructor.
RoslynAnalysisRunner will not be running.
RoslynAnalysisRunner has terminated.
Mono: successfully reloaded assembly
- Completed reload, in  1.257 seconds
Platform modules already initialized, skipping
Refreshing native plugins compatible for Editor in 2.00 ms, found 0 plugins.
Preloading 0 native plugins for Editor in 0.00 ms.
Unloading 1249 Unused Serialized files (Serialized files now loaded: 0)
System memory in use before: 64.8 MB.
System memory in use after: 64.9 MB.

Unloading 165 unused Assets to reduce memory usage. Loaded Objects now: 1877.
Total: 2.709800 ms (FindLiveObjects: 0.634500 ms CreateObjectMapping: 0.101800 ms MarkObjects: 1.854300 ms  DeleteObjects: 0.116800 ms)

========================================================================
Received Import Request.
  Time since last request: 2711.082106 seconds.
  path: Assets/Plugins/iOS/GADURewardBasedVideoAd.h
  artifactKey: Guid(0b7f3d96a67ee433b89c6de9b317f2ac) Importer(815301076,1909f56bfc062723c751e8b465ee728b)
Start importing Assets/Plugins/iOS/GADURewardBasedVideoAd.h using Guid(0b7f3d96a67ee433b89c6de9b317f2ac) Importer(815301076,1909f56bfc062723c751e8b465ee728b)  -> (artifact id: 'faaa4f7a3c3f8ef8deea47f45e2ca471') in 0.028295 seconds
  Import took 0.031692 seconds .

========================================================================
Received Import Request.
  Time since last request: 0.001825 seconds.
  path: Assets/Plugins/iOS/GADURewardBasedVideoAd.h
  artifactKey: Guid(0b7f3d96a67ee433b89c6de9b317f2ac) Importer(815301076,1909f56bfc062723c751e8b465ee728b)
Start importing Assets/Plugins/iOS/GADURewardBasedVideoAd.h using Guid(0b7f3d96a67ee433b89c6de9b317f2ac) Importer(815301076,1909f56bfc062723c751e8b465ee728b)  -> (artifact id: 'faaa4f7a3c3f8ef8deea47f45e2ca471') in 0.004701 seconds
  Import took 0.007543 seconds .

========================================================================
Received Import Request.
  Time since last request: 1.667551 seconds.
  path: Assets/Plugins/iOS/GADURequest.m
  artifactKey: Guid(8295da9057f6c4276afc8358d78f5129) Importer(815301076,1909f56bfc062723c751e8b465ee728b)
Start importing Assets/Plugins/iOS/GADURequest.m using Guid(8295da9057f6c4276afc8358d78f5129) Importer(815301076,1909f56bfc062723c751e8b465ee728b)  -> (artifact id: '2c3d55a7210823ddcf45f7eb094d76ad') in 0.014443 seconds
  Import took 0.016838 seconds .

========================================================================
Received Import Request.
  Time since last request: 0.004795 seconds.
  path: Assets/Plugins/iOS/GADURequest.m
  artifactKey: Guid(8295da9057f6c4276afc8358d78f5129) Importer(815301076,1909f56bfc062723c751e8b465ee728b)
Start importing Assets/Plugins/iOS/GADURequest.m using Guid(8295da9057f6c4276afc8358d78f5129) Importer(815301076,1909f56bfc062723c751e8b465ee728b)  -> (artifact id: '2c3d55a7210823ddcf45f7eb094d76ad') in 0.005379 seconds
  Import took 0.007903 seconds .

========================================================================
Received Import Request.
  Time since last request: 0.934677 seconds.
  path: Assets/Plugins/iOS/GADURequest.h
  artifactKey: Guid(ce63e67f4e40b4584aa5a7d6cfd99c25) Importer(815301076,1909f56bfc062723c751e8b465ee728b)
Start importing Assets/Plugins/iOS/GADURequest.h using Guid(ce63e67f4e40b4584aa5a7d6cfd99c25) Importer(815301076,1909f56bfc062723c751e8b465ee728b)  -> (artifact id: 'bee808eb3654095ba0bcf4bce8ea6e68') in 0.004968 seconds
  Import took 0.008114 seconds .

========================================================================
Received Import Request.
  Time since last request: 0.429797 seconds.
  path: Assets/Plugins/iOS/GADUAdLoader.h
  artifactKey: Guid(3df71bfe8cac54e5fbcf23aeed28d8e5) Importer(815301076,1909f56bfc062723c751e8b465ee728b)
Start importing Assets/Plugins/iOS/GADUAdLoader.h using Guid(3df71bfe8cac54e5fbcf23aeed28d8e5) Importer(815301076,1909f56bfc062723c751e8b465ee728b)  -> (artifact id: 'ebf460e873e04a5fb67eff980d57d206') in 0.009077 seconds
  Import took 0.012331 seconds .

========================================================================
Received Import Request.
  Time since last request: 0.802660 seconds.
  path: Assets/Plugins/iOS/GADUTypes.h
  artifactKey: Guid(00ccc32d91e9f4bc6a68ec86c806dac3) Importer(815301076,1909f56bfc062723c751e8b465ee728b)
Start importing Assets/Plugins/iOS/GADUTypes.h using Guid(00ccc32d91e9f4bc6a68ec86c806dac3) Importer(815301076,1909f56bfc062723c751e8b465ee728b)  -> (artifact id: '1efd297a0e5df0115f0f8c0d711d3315') in 0.010611 seconds
  Import took 0.013960 seconds .

========================================================================
Received Import Request.
  Time since last request: 0.738423 seconds.
  path: Assets/Plugins/iOS/GADUBanner.m
  artifactKey: Guid(c17582ddba2c9446fba7effec45da2e9) Importer(815301076,1909f56bfc062723c751e8b465ee728b)
Start importing Assets/Plugins/iOS/GADUBanner.m using Guid(c17582ddba2c9446fba7effec45da2e9) Importer(815301076,1909f56bfc062723c751e8b465ee728b)  -> (artifact id: 'c1b4423126f87126a015ce9ebb2a6a85') in 0.009848 seconds
  Import took 0.013104 seconds .

========================================================================
Received Import Request.
  Time since last request: 7.153866 seconds.
  path: Assets/Plugins/UnityChannel/ChannelPurchase.dll
  artifactKey: Guid(8be17ad05558e40a9bb709807433a2b4) Importer(815301076,1909f56bfc062723c751e8b465ee728b)
Start importing Assets/Plugins/UnityChannel/ChannelPurchase.dll using Guid(8be17ad05558e40a9bb709807433a2b4) Importer(815301076,1909f56bfc062723c751e8b465ee728b)  -> (artifact id: 'aa4c46d41bbd43a91a5e350f09b82793') in 0.018829 seconds
  Import took 0.021541 seconds .

========================================================================
Received Import Request.
  Time since last request: 0.486554 seconds.
  path: Assets/Plugins/UnityChannel/UnityStore.dll
  artifactKey: Guid(b4a9e40b1d1574159814dede56a53cb3) Importer(815301076,1909f56bfc062723c751e8b465ee728b)
Start importing Assets/Plugins/UnityChannel/UnityStore.dll using Guid(b4a9e40b1d1574159814dede56a53cb3) Importer(815301076,1909f56bfc062723c751e8b465ee728b)  -> (artifact id: '110f162bd5eb26b7ee8b5f7d26b47928') in 0.008886 seconds
  Import took 0.011541 seconds .

========================================================================
Received Import Request.
  Time since last request: 5.493245 seconds.
  path: Assets/Plugins/Android/play-services-tasks-11.0.4.aar
  artifactKey: Guid(282d90db1a4be4aec93be831b4b761cf) Importer(815301076,1909f56bfc062723c751e8b465ee728b)
Start importing Assets/Plugins/Android/play-services-tasks-11.0.4.aar using Guid(282d90db1a4be4aec93be831b4b761cf) Importer(815301076,1909f56bfc062723c751e8b465ee728b)  -> (artifact id: '5e18f9873125d2edfe6fa16c56639720') in 0.011299 seconds
  Import took 0.014435 seconds .

========================================================================
Received Prepare
Registering precompiled user dll's ...
Registered in 0.011045 seconds.
Begin MonoManager ReloadAssembly
Native extension for WindowsStandalone target not found
Refreshing native plugins compatible for Editor in 0.53 ms, found 0 plugins.
Preloading 0 native plugins for Editor in 0.00 ms.
Invoked RoslynAnalysisRunner static constructor.
RoslynAnalysisRunner will not be running.
RoslynAnalysisRunner has terminated.
Mono: successfully reloaded assembly
- Completed reload, in  0.945 seconds
Platform modules already initialized, skipping
Refreshing native plugins compatible for Editor in 0.54 ms, found 0 plugins.
Preloading 0 native plugins for Editor in 0.00 ms.
Unloading 976 Unused Serialized files (Serialized files now loaded: 0)
System memory in use before: 58.8 MB.
System memory in use after: 58.9 MB.

Unloading 240 unused Assets to reduce memory usage. Loaded Objects now: 1695.
Total: 2.414700 ms (FindLiveObjects: 0.185700 ms CreateObjectMapping: 0.077800 ms MarkObjects: 2.028500 ms  DeleteObjects: 0.098400 ms)

========================================================================
Received Import Request.
  Time since last request: 320.768664 seconds.
  path: Assets/Game/UI/Buttons/Restart Button.prefab
  artifactKey: Guid(0fc0f1e7f6d184529bbaa58613be71c3) Importer(815301076,1909f56bfc062723c751e8b465ee728b)
Start importing Assets/Game/UI/Buttons/Restart Button.prefab using Guid(0fc0f1e7f6d184529bbaa58613be71c3) Importer(815301076,1909f56bfc062723c751e8b465ee728b)  -> (artifact id: '5ec9f70213adcb2560ccc0a17dc4ddfb') in 0.062738 seconds
  Import took 0.069846 seconds .

========================================================================
Received Prepare
Registering precompiled user dll's ...
Registered in 0.007443 seconds.
Begin MonoManager ReloadAssembly
Native extension for WindowsStandalone target not found
Refreshing native plugins compatible for Editor in 0.49 ms, found 0 plugins.
Preloading 0 native plugins for Editor in 0.00 ms.
Invoked RoslynAnalysisRunner static constructor.
RoslynAnalysisRunner will not be running.
RoslynAnalysisRunner has terminated.
Mono: successfully reloaded assembly
- Completed reload, in  0.910 seconds
Platform modules already initialized, skipping
Refreshing native plugins compatible for Editor in 0.90 ms, found 0 plugins.
Preloading 0 native plugins for Editor in 0.00 ms.
Unloading 968 Unused Serialized files (Serialized files now loaded: 0)
System memory in use before: 58.1 MB.
System memory in use after: 58.2 MB.

Unloading 56 unused Assets to reduce memory usage. Loaded Objects now: 1710.
Total: 2.305200 ms (FindLiveObjects: 0.380100 ms CreateObjectMapping: 0.073800 ms MarkObjects: 1.816600 ms  DeleteObjects: 0.033200 ms)

========================================================================
Received Prepare
Registering precompiled user dll's ...
Registered in 0.007211 seconds.
Begin MonoManager ReloadAssembly
Native extension for WindowsStandalone target not found
Refreshing native plugins compatible for Editor in 0.54 ms, found 0 plugins.
Preloading 0 native plugins for Editor in 0.00 ms.
Invoked RoslynAnalysisRunner static constructor.
RoslynAnalysisRunner will not be running.
RoslynAnalysisRunner has terminated.
Mono: successfully reloaded assembly
- Completed reload, in  0.928 seconds
Platform modules already initialized, skipping
Refreshing native plugins compatible for Editor in 0.52 ms, found 0 plugins.
Preloading 0 native plugins for Editor in 0.00 ms.
Unloading 968 Unused Serialized files (Serialized files now loaded: 0)
System memory in use before: 58.2 MB.
System memory in use after: 58.3 MB.

Unloading 53 unused Assets to reduce memory usage. Loaded Objects now: 1712.
Total: 2.012100 ms (FindLiveObjects: 0.199800 ms CreateObjectMapping: 0.053800 ms MarkObjects: 1.709400 ms  DeleteObjects: 0.047700 ms)

========================================================================
Received Prepare
Registering precompiled user dll's ...
Registered in 0.005440 seconds.
Begin MonoManager ReloadAssembly
Native extension for WindowsStandalone target not found
Refreshing native plugins compatible for Editor in 0.26 ms, found 0 plugins.
Preloading 0 native plugins for Editor in 0.00 ms.
Invoked RoslynAnalysisRunner static constructor.
RoslynAnalysisRunner will not be running.
RoslynAnalysisRunner has terminated.
Mono: successfully reloaded assembly
- Completed reload, in  0.919 seconds
Platform modules already initialized, skipping
Refreshing native plugins compatible for Editor in 0.24 ms, found 0 plugins.
Preloading 0 native plugins for Editor in 0.00 ms.
Unloading 928 Unused Serialized files (Serialized files now loaded: 0)
System memory in use before: 57.3 MB.
System memory in use after: 57.4 MB.

Unloading 13 unused Assets to reduce memory usage. Loaded Objects now: 1714.
Total: 2.327700 ms (FindLiveObjects: 0.210100 ms CreateObjectMapping: 0.075300 ms MarkObjects: 2.023700 ms  DeleteObjects: 0.017300 ms)

========================================================================
Received Import Request.
  Time since last request: 141.526169 seconds.
  path: Assets/Game/Managerial/Ad Manager.prefab
  artifactKey: Guid(566add4723270417f9d542e8366ebba7) Importer(815301076,1909f56bfc062723c751e8b465ee728b)
Start importing Assets/Game/Managerial/Ad Manager.prefab using Guid(566add4723270417f9d542e8366ebba7) Importer(815301076,1909f56bfc062723c751e8b465ee728b)  -> (artifact id: '4e88ef9f4635909391350fd97273340a') in 0.029724 seconds
  Import took 0.031962 seconds .

========================================================================
Received Import Request.
  Time since last request: 0.000312 seconds.
  path: Assets/Game/Managerial/Audio Manager.prefab
  artifactKey: Guid(8fd9747fb65824b51b3d7245aa0c2f57) Importer(815301076,1909f56bfc062723c751e8b465ee728b)
Start importing Assets/Game/Managerial/Audio Manager.prefab using Guid(8fd9747fb65824b51b3d7245aa0c2f57) Importer(815301076,1909f56bfc062723c751e8b465ee728b)  -> (artifact id: '982c6ba87d4e1a1ba224006b573a4a80') in 0.023427 seconds
  Import took 0.026161 seconds .

========================================================================
Received Import Request.
  Time since last request: 0.000319 seconds.
  path: Assets/Game/Managerial/Save Data Manager.prefab
  artifactKey: Guid(138e6fea88efe4308a3378302f9da5cb) Importer(815301076,1909f56bfc062723c751e8b465ee728b)
Start importing Assets/Game/Managerial/Save Data Manager.prefab using Guid(138e6fea88efe4308a3378302f9da5cb) Importer(815301076,1909f56bfc062723c751e8b465ee728b)  -> (artifact id: '9e06d699b3562af81ff95a1acd9d61b8') in 0.012892 seconds
  Import took 0.015459 seconds .

========================================================================
Received Import Request.
  Time since last request: 0.000336 seconds.
  path: Assets/Game/Managerial/Move Path Manager.prefab
  artifactKey: Guid(6c986f4f4e20e4d52ab201057639daf0) Importer(815301076,1909f56bfc062723c751e8b465ee728b)
Start importing Assets/Game/Managerial/Move Path Manager.prefab using Guid(6c986f4f4e20e4d52ab201057639daf0) Importer(815301076,1909f56bfc062723c751e8b465ee728b)  -> (artifact id: '409b03a789f9c40ae377342d450eba0c') in 0.012518 seconds
  Import took 0.014822 seconds .

========================================================================
Received Import Request.
  Time since last request: 0.000295 seconds.
  path: Assets/Game/Managerial/Game.prefab
  artifactKey: Guid(18f3f23bdbbec4beb820f9e90d96091d) Importer(815301076,1909f56bfc062723c751e8b465ee728b)
Start importing Assets/Game/Managerial/Game.prefab using Guid(18f3f23bdbbec4beb820f9e90d96091d) Importer(815301076,1909f56bfc062723c751e8b465ee728b)  -> (artifact id: 'f3ec52bb1f52e5a561dc760e60ff756b') in 0.012702 seconds
  Import took 0.015856 seconds .

========================================================================
Received Import Request.
  Time since last request: 0.000331 seconds.
  path: Assets/Game/Managerial/App Manager.prefab
  artifactKey: Guid(8f3403c2ccfa84d53832a5a7413210a2) Importer(815301076,1909f56bfc062723c751e8b465ee728b)
Start importing Assets/Game/Managerial/App Manager.prefab using Guid(8f3403c2ccfa84d53832a5a7413210a2) Importer(815301076,1909f56bfc062723c751e8b465ee728b)  -> (artifact id: 'c5ba17a559089008500a1121ff41291f') in 0.011577 seconds
  Import took 0.013820 seconds .

========================================================================
Received Import Request.
  Time since last request: 0.000337 seconds.
  path: Assets/Game/Managerial/Game Manager.prefab
  artifactKey: Guid(a2dc14ac036e34218bcd4c5eb8f1de7c) Importer(815301076,1909f56bfc062723c751e8b465ee728b)
Start importing Assets/Game/Managerial/Game Manager.prefab using Guid(a2dc14ac036e34218bcd4c5eb8f1de7c) Importer(815301076,1909f56bfc062723c751e8b465ee728b)  -> (artifact id: '18123fc756512189ce744ea808ec6155') in 0.094829 seconds
  Import took 0.097962 seconds .

========================================================================
Received Import Request.
  Time since last request: 0.000259 seconds.
  path: Assets/Game/Managerial/Game Center Manager.prefab
  artifactKey: Guid(e71dc7f0f13464920a52dd2828ee3463) Importer(815301076,1909f56bfc062723c751e8b465ee728b)
Start importing Assets/Game/Managerial/Game Center Manager.prefab using Guid(e71dc7f0f13464920a52dd2828ee3463) Importer(815301076,1909f56bfc062723c751e8b465ee728b)  -> (artifact id: 'c4ad987a4c43b806b18f2bfadc77bd6d') in 0.012490 seconds
  Import took 0.014611 seconds .

========================================================================
Received Prepare
Registering precompiled user dll's ...
Registered in 0.005223 seconds.
Begin MonoManager ReloadAssembly
Native extension for WindowsStandalone target not found
Refreshing native plugins compatible for Editor in 0.23 ms, found 0 plugins.
Preloading 0 native plugins for Editor in 0.00 ms.
Invoked RoslynAnalysisRunner static constructor.
RoslynAnalysisRunner will not be running.
RoslynAnalysisRunner has terminated.
Mono: successfully reloaded assembly
- Completed reload, in  0.857 seconds
Platform modules already initialized, skipping
Refreshing native plugins compatible for Editor in 0.24 ms, found 0 plugins.
Preloading 0 native plugins for Editor in 0.00 ms.
Unloading 928 Unused Serialized files (Serialized files now loaded: 0)
System memory in use before: 57.4 MB.
System memory in use after: 57.5 MB.

Unloading 14 unused Assets to reduce memory usage. Loaded Objects now: 1716.
Total: 2.703300 ms (FindLiveObjects: 0.352100 ms CreateObjectMapping: 0.162100 ms MarkObjects: 2.168100 ms  DeleteObjects: 0.019700 ms)

========================================================================
Received Import Request.
  Time since last request: 44.690036 seconds.
  path: Assets/_Scenes/game.unity
  artifactKey: Guid(c347606bdce58442b8a90cb37ca7428c) Importer(815301076,1909f56bfc062723c751e8b465ee728b)
Start importing Assets/_Scenes/game.unity using Guid(c347606bdce58442b8a90cb37ca7428c) Importer(815301076,1909f56bfc062723c751e8b465ee728b)  -> (artifact id: 'cca9a46eaf996536fc4bcb806a7cd80b') in 0.018766 seconds
  Import took 0.021696 seconds .

========================================================================
Received Import Request.
  Time since last request: 69.596960 seconds.
  path: Assets/Game/UI/Score/Score Effect.prefab
  artifactKey: Guid(ab3e49c51e1104119a0554eecd5e1d87) Importer(815301076,1909f56bfc062723c751e8b465ee728b)
Start importing Assets/Game/UI/Score/Score Effect.prefab using Guid(ab3e49c51e1104119a0554eecd5e1d87) Importer(815301076,1909f56bfc062723c751e8b465ee728b)  -> (artifact id: '01e201ed013305397af16ad27e4a0813') in 0.166025 seconds
  Import took 0.168659 seconds .

========================================================================
Received Import Request.
  Time since last request: 0.002715 seconds.
  path: Assets/Game/UI/Score/Score Effect.prefab
  artifactKey: Guid(ab3e49c51e1104119a0554eecd5e1d87) Importer(815301076,1909f56bfc062723c751e8b465ee728b)
Start importing Assets/Game/UI/Score/Score Effect.prefab using Guid(ab3e49c51e1104119a0554eecd5e1d87) Importer(815301076,1909f56bfc062723c751e8b465ee728b)  -> (artifact id: '01e201ed013305397af16ad27e4a0813') in 0.025605 seconds
  Import took 0.028303 seconds .

========================================================================
Received Prepare
Registering precompiled user dll's ...
Registered in 0.007121 seconds.
Begin MonoManager ReloadAssembly
Native extension for WindowsStandalone target not found
Refreshing native plugins compatible for Editor in 0.23 ms, found 0 plugins.
Preloading 0 native plugins for Editor in 0.00 ms.
Invoked RoslynAnalysisRunner static constructor.
RoslynAnalysisRunner will not be running.
RoslynAnalysisRunner has terminated.
Mono: successfully reloaded assembly
- Completed reload, in  0.908 seconds
Platform modules already initialized, skipping
Refreshing native plugins compatible for Editor in 0.25 ms, found 0 plugins.
Preloading 0 native plugins for Editor in 0.00 ms.
Unloading 928 Unused Serialized files (Serialized files now loaded: 0)
System memory in use before: 60.6 MB.
System memory in use after: 60.7 MB.

Unloading 14 unused Assets to reduce memory usage. Loaded Objects now: 1725.
Total: 2.177300 ms (FindLiveObjects: 0.319500 ms CreateObjectMapping: 0.065500 ms MarkObjects: 1.774400 ms  DeleteObjects: 0.016500 ms)

========================================================================
Received Import Request.
  Time since last request: 11.791408 seconds.
  path: Assets/Game/UI/Score/Score Effect.prefab
  artifactKey: Guid(ab3e49c51e1104119a0554eecd5e1d87) Importer(815301076,1909f56bfc062723c751e8b465ee728b)
Start importing Assets/Game/UI/Score/Score Effect.prefab using Guid(ab3e49c51e1104119a0554eecd5e1d87) Importer(815301076,1909f56bfc062723c751e8b465ee728b)  -> (artifact id: '09f3b64a7d9dd63b1a78c2d8e76b1eb2') in 0.110504 seconds
  Import took 0.113153 seconds .

========================================================================
Received Prepare
Registering precompiled user dll's ...
Registered in 0.005554 seconds.
Begin MonoManager ReloadAssembly
Native extension for WindowsStandalone target not found
Refreshing native plugins compatible for Editor in 0.24 ms, found 0 plugins.
Preloading 0 native plugins for Editor in 0.00 ms.
Invoked RoslynAnalysisRunner static constructor.
RoslynAnalysisRunner will not be running.
RoslynAnalysisRunner has terminated.
Mono: successfully reloaded assembly
- Completed reload, in  0.912 seconds
Platform modules already initialized, skipping
Refreshing native plugins compatible for Editor in 0.40 ms, found 0 plugins.
Preloading 0 native plugins for Editor in 0.00 ms.
Unloading 928 Unused Serialized files (Serialized files now loaded: 0)
System memory in use before: 60.9 MB.
System memory in use after: 61.0 MB.

Unloading 14 unused Assets to reduce memory usage. Loaded Objects now: 1728.
Total: 2.107800 ms (FindLiveObjects: 0.220500 ms CreateObjectMapping: 0.054600 ms MarkObjects: 1.815000 ms  DeleteObjects: 0.016600 ms)

========================================================================
Received Prepare
Registering precompiled user dll's ...
Registered in 0.007020 seconds.
Begin MonoManager ReloadAssembly
Native extension for WindowsStandalone target not found
Refreshing native plugins compatible for Editor in 0.24 ms, found 0 plugins.
Preloading 0 native plugins for Editor in 0.00 ms.
Invoked RoslynAnalysisRunner static constructor.
RoslynAnalysisRunner will not be running.
RoslynAnalysisRunner has terminated.
Mono: successfully reloaded assembly
- Completed reload, in  0.942 seconds
Platform modules already initialized, skipping
Refreshing native plugins compatible for Editor in 0.31 ms, found 0 plugins.
Preloading 0 native plugins for Editor in 0.00 ms.
Unloading 928 Unused Serialized files (Serialized files now loaded: 0)
System memory in use before: 61.0 MB.
System memory in use after: 61.1 MB.

Unloading 13 unused Assets to reduce memory usage. Loaded Objects now: 1730.
Total: 1.967600 ms (FindLiveObjects: 0.243900 ms CreateObjectMapping: 0.038700 ms MarkObjects: 1.667200 ms  DeleteObjects: 0.016600 ms)

========================================================================
Received Prepare
Registering precompiled user dll's ...
Registered in 0.006176 seconds.
Begin MonoManager ReloadAssembly
Native extension for WindowsStandalone target not found
Refreshing native plugins compatible for Editor in 0.45 ms, found 0 plugins.
Preloading 0 native plugins for Editor in 0.00 ms.
Invoked RoslynAnalysisRunner static constructor.
RoslynAnalysisRunner will not be running.
RoslynAnalysisRunner has terminated.
Mono: successfully reloaded assembly
- Completed reload, in  0.880 seconds
Platform modules already initialized, skipping
Refreshing native plugins compatible for Editor in 0.25 ms, found 0 plugins.
Preloading 0 native plugins for Editor in 0.00 ms.
Unloading 928 Unused Serialized files (Serialized files now loaded: 0)
System memory in use before: 61.1 MB.
System memory in use after: 61.2 MB.

Unloading 13 unused Assets to reduce memory usage. Loaded Objects now: 1732.
Total: 2.774900 ms (FindLiveObjects: 0.244400 ms CreateObjectMapping: 0.078700 ms MarkObjects: 2.428500 ms  DeleteObjects: 0.021400 ms)

========================================================================
Received Prepare
Registering precompiled user dll's ...
Registered in 0.005328 seconds.
Begin MonoManager ReloadAssembly
Native extension for WindowsStandalone target not found
Refreshing native plugins compatible for Editor in 0.24 ms, found 0 plugins.
Preloading 0 native plugins for Editor in 0.00 ms.
Invoked RoslynAnalysisRunner static constructor.
RoslynAnalysisRunner will not be running.
RoslynAnalysisRunner has terminated.
Mono: successfully reloaded assembly
- Completed reload, in  0.877 seconds
Platform modules already initialized, skipping
Refreshing native plugins compatible for Editor in 0.42 ms, found 0 plugins.
Preloading 0 native plugins for Editor in 0.00 ms.
Unloading 928 Unused Serialized files (Serialized files now loaded: 0)
System memory in use before: 61.2 MB.
System memory in use after: 61.3 MB.

Unloading 13 unused Assets to reduce memory usage. Loaded Objects now: 1734.
Total: 1.935200 ms (FindLiveObjects: 0.250700 ms CreateObjectMapping: 0.058200 ms MarkObjects: 1.609200 ms  DeleteObjects: 0.015900 ms)

========================================================================
Received Import Request.
  Time since last request: 509.243211 seconds.
  path: Assets/Game/UI/UI Canvas.prefab
  artifactKey: Guid(55da6ec0686434859a14220c39df5759) Importer(815301076,1909f56bfc062723c751e8b465ee728b)
Start importing Assets/Game/UI/UI Canvas.prefab using Guid(55da6ec0686434859a14220c39df5759) Importer(815301076,1909f56bfc062723c751e8b465ee728b)  -> (artifact id: 'cc7308110d6fd7c87189408c9ec4a5e7') in 0.097498 seconds
  Import took 0.100510 seconds .

========================================================================
Received Prepare
Registering precompiled user dll's ...
Registered in 0.004934 seconds.
Begin MonoManager ReloadAssembly
Native extension for WindowsStandalone target not found
Refreshing native plugins compatible for Editor in 0.24 ms, found 0 plugins.
Preloading 0 native plugins for Editor in 0.00 ms.
Invoked RoslynAnalysisRunner static constructor.
RoslynAnalysisRunner will not be running.
RoslynAnalysisRunner has terminated.
Mono: successfully reloaded assembly
- Completed reload, in  0.906 seconds
Platform modules already initialized, skipping
Refreshing native plugins compatible for Editor in 0.25 ms, found 0 plugins.
Preloading 0 native plugins for Editor in 0.00 ms.
Unloading 927 Unused Serialized files (Serialized files now loaded: 0)
System memory in use before: 61.4 MB.
System memory in use after: 61.5 MB.

Unloading 14 unused Assets to reduce memory usage. Loaded Objects now: 1736.
Total: 2.220300 ms (FindLiveObjects: 0.195200 ms CreateObjectMapping: 0.057300 ms MarkObjects: 1.947400 ms  DeleteObjects: 0.019100 ms)

========================================================================
Received Import Request.
  Time since last request: 13.287847 seconds.
  path: Packages/com.unity.textmeshpro/package.json
  artifactKey: Guid(220e9325710f4235a43492dd1ee4980d) Importer(815301076,1909f56bfc062723c751e8b465ee728b)
Start importing Packages/com.unity.textmeshpro/package.json using Guid(220e9325710f4235a43492dd1ee4980d) Importer(815301076,1909f56bfc062723c751e8b465ee728b)  -> (artifact id: '0586e18b388db7721378640e183a3be1') in 0.039615 seconds
  Import took 0.042160 seconds .

